[debug] [2022-11-25T19:12:14.676Z] ----------------------------------------------------------------------
[debug] [2022-11-25T19:12:14.677Z] Command:       /usr/local/bin/node /Users/home/.npm-global/bin/firebase init
[debug] [2022-11-25T19:12:14.677Z] CLI Version:   11.16.1
[debug] [2022-11-25T19:12:14.677Z] Platform:      darwin
[debug] [2022-11-25T19:12:14.677Z] Node Version:  v18.12.1
[debug] [2022-11-25T19:12:14.679Z] Time:          Fri Nov 25 2022 11:12:14 GMT-0800 (Pacific Standard Time)
[debug] [2022-11-25T19:12:14.680Z] ----------------------------------------------------------------------
[debug] 
[debug] [2022-11-25T19:12:14.707Z] Object "" in "firebase.json" has unknown property: {"additionalProperty":"rewrites"}
[debug] [2022-11-25T19:12:14.709Z] > command requires scopes: ["email","openid","https://www.googleapis.com/auth/cloudplatformprojects.readonly","https://www.googleapis.com/auth/firebase","https://www.googleapis.com/auth/cloud-platform"]
[debug] [2022-11-25T19:12:14.709Z] > authorizing via signed-in user (hellishdystopiatastesgood@gmail.com)
[debug] [2022-11-25T19:12:14.709Z] Object "" in "firebase.json" has unknown property: {"additionalProperty":"rewrites"}
[info] 
     ######## #### ########  ######## ########     ###     ######  ########
     ##        ##  ##     ## ##       ##     ##  ##   ##  ##       ##
     ######    ##  ########  ######   ########  #########  ######  ######
     ##        ##  ##    ##  ##       ##     ## ##     ##       ## ##
     ##       #### ##     ## ######## ########  ##     ##  ######  ########

You're about to initialize a Firebase project in this directory:

  /Users/home/Downloads/tarot

Before we get started, keep in mind:

  * You are initializing within an existing Firebase project directory

[info] 
=== Project Setup
[info] 
[info] First, let's associate this project directory with a Firebase project.
[info] You can create multiple project aliases by running firebase use --add, 
[info] but for now we'll just set up a default project.
[info] 
[debug] [2022-11-25T19:12:22.549Z] Using project from CLI flag: dream-tarot
[debug] [2022-11-25T19:12:22.553Z] >>> [apiv2][query] GET https://firebase.googleapis.com/v1beta1/projects/dream-tarot [none]
[debug] [2022-11-25T19:12:23.114Z] <<< [apiv2][status] GET https://firebase.googleapis.com/v1beta1/projects/dream-tarot 200
[debug] [2022-11-25T19:12:23.115Z] <<< [apiv2][body] GET https://firebase.googleapis.com/v1beta1/projects/dream-tarot {"projectId":"dream-tarot","projectNumber":"380998942530","displayName":"Dream Tarot","name":"projects/dream-tarot","resources":{"hostingSite":"dream-tarot","realtimeDatabaseInstance":"dream-tarot-default-rtdb"},"state":"ACTIVE","etag":"1_1b8455b4-eb99-4cd4-beb6-641a5e3ef267"}
[info] i  Using project dream-tarot (Dream Tarot) 
[info] 
=== Hosting:github Setup
[info] 
[info] i  Detected a .git folder at /Users/home 
[info] i  Authorizing with GitHub to upload your service account to a GitHub repository's secrets store. 
[info] 
[info] Visit this URL on this device to log in:
[info] https://github.com/login/oauth/authorize?client_id=89cf50f02ac6aaed3484&state=255127053&redirect_uri=http%3A%2F%2Flocalhost%3A9005&scope=read%3Auser%20repo%20public_repo
[info] 
[info] Waiting for authentication...
[debug] [2022-11-25T19:12:37.569Z] >>> [apiv2][query] POST https://github.com/login/oauth/access_token [none]
[debug] [2022-11-25T19:12:37.570Z] >>> [apiv2][body] POST https://github.com/login/oauth/access_token [stream]
[debug] [2022-11-25T19:12:37.956Z] <<< [apiv2][status] POST https://github.com/login/oauth/access_token 200
[debug] [2022-11-25T19:12:37.956Z] <<< [apiv2][body] POST https://github.com/login/oauth/access_token {"access_token":"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","token_type":"bearer","scope":"read:user,repo"}
[debug] [2022-11-25T19:12:37.970Z] >>> [apiv2][query] GET https://api.github.com/user [none]
[debug] [2022-11-25T19:12:38.345Z] <<< [apiv2][status] GET https://api.github.com/user 200
[debug] [2022-11-25T19:12:38.345Z] <<< [apiv2][body] GET https://api.github.com/user {"login":"ylloiw","id":71865888,"node_id":"MDQ6VXNlcjcxODY1ODg4","avatar_url":"https://avatars.githubusercontent.com/u/71865888?v=4","gravatar_id":"","url":"https://api.github.com/users/ylloiw","html_url":"https://github.com/ylloiw","followers_url":"https://api.github.com/users/ylloiw/followers","following_url":"https://api.github.com/users/ylloiw/following{/other_user}","gists_url":"https://api.github.com/users/ylloiw/gists{/gist_id}","starred_url":"https://api.github.com/users/ylloiw/starred{/owner}{/repo}","subscriptions_url":"https://api.github.com/users/ylloiw/subscriptions","organizations_url":"https://api.github.com/users/ylloiw/orgs","repos_url":"https://api.github.com/users/ylloiw/repos","events_url":"https://api.github.com/users/ylloiw/events{/privacy}","received_events_url":"https://api.github.com/users/ylloiw/received_events","type":"User","site_admin":false,"name":null,"company":null,"blog":"","location":null,"email":null,"hireable":null,"bio":null,"twitter_username":null,"public_repos":3,"public_gists":0,"followers":0,"following":0,"created_at":"2020-09-25T05:11:15Z","updated_at":"2021-12-18T06:22:15Z","private_gists":2,"total_private_repos":3,"owned_private_repos":3,"disk_usage":479250,"collaborators":0,"two_factor_authentication":false,"plan":{"name":"free","space":976562499,"collaborators":0,"private_repos":10000}}
[info] 
[info] ✔  Success! Logged into GitHub as ylloiw 
[info] 
[debug] [2022-11-25T19:12:52.740Z] >>> [apiv2][query] GET https://api.github.com/repos//actions/secrets/public-key type=owner
[debug] [2022-11-25T19:12:53.049Z] <<< [apiv2][status] GET https://api.github.com/repos//actions/secrets/public-key 404
[debug] [2022-11-25T19:12:53.050Z] <<< [apiv2][body] GET https://api.github.com/repos//actions/secrets/public-key {"message":"Not Found","documentation_url":"https://docs.github.com/rest"}
